<?xml version="1.0" encoding="UTF-8"?>
<testsuite xmlns:xsi="http://www.w3.org/2001/XMLSchema-instance" xsi:noNamespaceSchemaLocation="https://maven.apache.org/surefire/maven-surefire-plugin/xsd/surefire-test-report.xsd" name="com.testing.sample.SampleUtilTest" time="0.29" tests="4" errors="0" skipped="0" failures="0">
  <properties>
[...]
</properties>
  <testcase name="testAdd" classname="com.testing.sample.SampleUtilTest" time="0.028"/>
  <testcase name="testAdd1" classname="com.testing.sample.SampleUtilTest" time="0"/>
  <testcase name="testAdd2" classname="com.testing.sample.SampleUtilTest" time="0.004"/>
  <testcase name="testAdd3" classname="com.testing.sample.SampleUtilTest" time="0"/>
</testsuite>